[2020-11-06 01:47:48] production.INFO: Validando....  
[2020-11-06 01:47:48] production.INFO: Login exitoso del usuario  ["sisfen@hotmail.com"] 
[2020-11-06 01:48:34] production.INFO: Validando....  
[2020-11-06 01:48:34] production.INFO: Login exitoso del usuario  ["sisfen@hotmail.com"] 
[2020-11-06 17:00:21] production.INFO: Validando....  
[2020-11-06 17:00:21] production.INFO: Login exitoso del usuario  ["sisfen@hotmail.com"] 
[2020-11-06 17:11:02] production.INFO: {"id":1234,"name":"Sisfen Test","vwrole_id":1,"mvno_id":null,"email":"sisfen@hotmail.com","password":"$2y$10$mHeCCP1QO2\/j1c55cY5JYuHdIPWldHGq3WLE9PFFCgt5uopSIjH.W","created_at":"2020-10-16 15:29:04","updated_at":"2020-11-06 17:00:21","phone":null,"active":1,"last_session_id":"jbzIxI59rO2L5IGGPLw0XIeOQnPr3aAolwp1RKld","created_by":null,"ts_idproducto":"1,2,3,4,5","ts_moduloid":1,"provision_idproducto":"1,2,3,4,5","provision_moduloid":3,"autogestion_moduloid":5}  
[2020-11-06 17:11:02] production.INFO: Query: select fiel_id from vwpermissions a, vwrole_action 
        b where a.roleaction_id = b.id and b.role_id=1  
[2020-11-06 17:11:02] production.INFO: ---------------------  
[2020-11-06 17:11:02] production.INFO: array (
)  
[2020-11-06 17:11:02] production.INFO: ---------------------  
[2020-11-06 18:43:40] production.INFO: {"id":1234,"name":"Sisfen Test","vwrole_id":1,"mvno_id":null,"email":"sisfen@hotmail.com","password":"$2y$10$mHeCCP1QO2\/j1c55cY5JYuHdIPWldHGq3WLE9PFFCgt5uopSIjH.W","created_at":"2020-10-16 15:29:04","updated_at":"2020-11-06 17:00:21","phone":null,"active":1,"last_session_id":"jbzIxI59rO2L5IGGPLw0XIeOQnPr3aAolwp1RKld","created_by":null,"ts_idproducto":"1,2,3,4,5","ts_moduloid":1,"provision_idproducto":"1,2,3,4,5","provision_moduloid":3,"autogestion_moduloid":5}  
[2020-11-06 18:43:40] production.INFO: Query: select fiel_id from vwpermissions a, vwrole_action 
        b where a.roleaction_id = b.id and b.role_id=1  
[2020-11-06 18:43:40] production.INFO: ---------------------  
[2020-11-06 18:43:40] production.INFO: array (
)  
[2020-11-06 18:43:40] production.INFO: ---------------------  
[2020-11-06 21:48:00] production.INFO: Validando....  
[2020-11-06 21:48:00] production.INFO: Login exitoso del usuario  ["sisfen@hotmail.com"] 
[2020-11-06 21:52:01] production.INFO: user Sisfen Test inicia llamado de apis back 2020-11-06 21:52:01 {"numer":"7294883180"} 
[2020-11-06 21:52:22] production.INFO: {"id":1234,"name":"Sisfen Test","vwrole_id":1,"mvno_id":null,"email":"sisfen@hotmail.com","password":"$2y$10$mHeCCP1QO2\/j1c55cY5JYuHdIPWldHGq3WLE9PFFCgt5uopSIjH.W","created_at":"2020-10-16 15:29:04","updated_at":"2020-11-06 21:48:00","phone":null,"active":1,"last_session_id":"XZkhBDujoYn58GAaP8rGBvFPR7dVHfS2XNUaLw7N","created_by":null,"ts_idproducto":"1,2,3,4,5","ts_moduloid":1,"provision_idproducto":"1,2,3,4,5","provision_moduloid":3,"autogestion_moduloid":5}  
[2020-11-06 21:52:22] production.INFO: Query: select fiel_id from vwpermissions a, vwrole_action 
        b where a.roleaction_id = b.id and b.role_id=1  
[2020-11-06 21:52:22] production.INFO: ---------------------  
[2020-11-06 21:52:22] production.INFO: array (
)  
[2020-11-06 21:52:22] production.INFO: ---------------------  
